app/build/outputs/logs/manifest-merger-debug-report.txt
-- Merging decision tree log ---
manifest
ADDED from src/main/AndroidManifest.xml:2:1-228:12
INJECTED from src/main/AndroidManifest.xml:2:1-228:12
INJECTED from src/main/AndroidManifest.xml:2:1-228:12
INJECTED from src/main/AndroidManifest.xml:2:1-228:12
MERGED from [:Indicatorlibrary] AndroidManifest.xml:2:1-11:12
MERGED from [:Library] AndroidManifest.xml:2:1-9:12
MERGED from [com.android.support:appcompat-v7:25.1.1] AndroidManifest.xml:17:1-27:12
MERGED from [com.android.support:animated-vector-drawable:25.1.1] AndroidManifest.xml:17:1-24:12
MERGED from [com.android.support:support-vector-drawable:25.1.1] AndroidManifest.xml:17:1-25:12
MERGED from [com.android.support:support-v4:25.1.1] AndroidManifest.xml:17:1-27:12
MERGED from [com.android.support:support-fragment:25.1.1] AndroidManifest.xml:17:1-27:12
MERGED from [com.android.support:support-media-compat:25.1.1] AndroidManifest.xml:17:1-27:12
MERGED from [com.android.support:support-core-utils:25.1.1] AndroidManifest.xml:17:1-27:12
MERGED from [com.android.support:support-core-ui:25.1.1] AndroidManifest.xml:17:1-27:12
MERGED from [com.android.support:support-compat:25.1.1] AndroidManifest.xml:17:1-27:12
INJECTED from src/main/AndroidManifest.xml:2:1-228:12
INJECTED from src/main/AndroidManifest.xml:2:1-228:12
INJECTED from src/main/AndroidManifest.xml:2:1-228:12
	package
		ADDED from src/main/AndroidManifest.xml:3:5-37
		INJECTED from src/main/AndroidManifest.xml
		INJECTED from src/main/AndroidManifest.xml
	android:versionName
		INJECTED from src/main/AndroidManifest.xml
		ADDED from src/main/AndroidManifest.xml:2:1-228:12
		INJECTED from src/main/AndroidManifest.xml
	android:versionCode
		INJECTED from src/main/AndroidManifest.xml
		ADDED from src/main/AndroidManifest.xml:2:1-228:12
		INJECTED from src/main/AndroidManifest.xml
	xmlns:android
		ADDED from src/main/AndroidManifest.xml:2:11-69
uses-permission#android.permission.INTERNET
ADDED from src/main/AndroidManifest.xml:5:5-67
	android:name
		ADDED from src/main/AndroidManifest.xml:5:22-64
uses-permission#android.permission.WRITE_EXTERNAL_STORAGE
ADDED from src/main/AndroidManifest.xml:6:5-81
	android:name
		ADDED from src/main/AndroidManifest.xml:6:22-78
uses-permission#android.permission.ACCESS_COARSE_LOCATION
ADDED from src/main/AndroidManifest.xml:7:5-81
	android:name
		ADDED from src/main/AndroidManifest.xml:7:22-78
uses-permission#android.permission.ACCESS_NETWORK_STATE
ADDED from src/main/AndroidManifest.xml:8:5-79
	android:name
		ADDED from src/main/AndroidManifest.xml:8:22-76
uses-permission#android.permission.ACCESS_FINE_LOCATION
ADDED from src/main/AndroidManifest.xml:9:5-79
	android:name
		ADDED from src/main/AndroidManifest.xml:9:22-76
uses-permission#android.permission.READ_PHONE_STATE
ADDED from src/main/AndroidManifest.xml:10:5-75
	android:name
		ADDED from src/main/AndroidManifest.xml:10:22-72
uses-permission#android.permission.CHANGE_WIFI_STATE
ADDED from src/main/AndroidManifest.xml:11:5-76
	android:name
		ADDED from src/main/AndroidManifest.xml:11:22-73
uses-permission#android.permission.ACCESS_WIFI_STATE
ADDED from src/main/AndroidManifest.xml:12:5-76
	android:name
		ADDED from src/main/AndroidManifest.xml:12:22-73
uses-permission#android.permission.CHANGE_CONFIGURATION
ADDED from src/main/AndroidManifest.xml:13:5-79
	android:name
		ADDED from src/main/AndroidManifest.xml:13:22-76
uses-permission#android.permission.WAKE_LOCK
ADDED from src/main/AndroidManifest.xml:14:5-68
	android:name
		ADDED from src/main/AndroidManifest.xml:14:22-65
uses-permission#android.permission.WRITE_SETTINGS
ADDED from src/main/AndroidManifest.xml:15:5-73
	android:name
		ADDED from src/main/AndroidManifest.xml:15:22-70
application
ADDED from src/main/AndroidManifest.xml:17:5-226:19
MERGED from [com.android.support:appcompat-v7:25.1.1] AndroidManifest.xml:25:5-20
MERGED from [com.android.support:appcompat-v7:25.1.1] AndroidManifest.xml:25:5-20
MERGED from [com.android.support:animated-vector-drawable:25.1.1] AndroidManifest.xml:22:5-20
MERGED from [com.android.support:animated-vector-drawable:25.1.1] AndroidManifest.xml:22:5-20
MERGED from [com.android.support:support-vector-drawable:25.1.1] AndroidManifest.xml:23:5-20
MERGED from [com.android.support:support-vector-drawable:25.1.1] AndroidManifest.xml:23:5-20
MERGED from [com.android.support:support-v4:25.1.1] AndroidManifest.xml:25:5-20
MERGED from [com.android.support:support-v4:25.1.1] AndroidManifest.xml:25:5-20
MERGED from [com.android.support:support-fragment:25.1.1] AndroidManifest.xml:25:5-20
MERGED from [com.android.support:support-fragment:25.1.1] AndroidManifest.xml:25:5-20
MERGED from [com.android.support:support-media-compat:25.1.1] AndroidManifest.xml:25:5-20
MERGED from [com.android.support:support-media-compat:25.1.1] AndroidManifest.xml:25:5-20
MERGED from [com.android.support:support-core-utils:25.1.1] AndroidManifest.xml:25:5-20
MERGED from [com.android.support:support-core-utils:25.1.1] AndroidManifest.xml:25:5-20
MERGED from [com.android.support:support-core-ui:25.1.1] AndroidManifest.xml:25:5-20
MERGED from [com.android.support:support-core-ui:25.1.1] AndroidManifest.xml:25:5-20
MERGED from [com.android.support:support-compat:25.1.1] AndroidManifest.xml:25:5-20
MERGED from [com.android.support:support-compat:25.1.1] AndroidManifest.xml:25:5-20
	android:label
		ADDED from src/main/AndroidManifest.xml:21:9-41
	android:icon
		ADDED from src/main/AndroidManifest.xml:20:9-41
	android:allowBackup
		ADDED from src/main/AndroidManifest.xml:19:9-35
	android:theme
		ADDED from src/main/AndroidManifest.xml:22:9-56
	android:name
		ADDED from src/main/AndroidManifest.xml:18:9-61
meta-data#com.amap.api.v2.apikey
ADDED from src/main/AndroidManifest.xml:24:9-26:63
	android:value
		ADDED from src/main/AndroidManifest.xml:26:13-61
	android:name
		ADDED from src/main/AndroidManifest.xml:25:13-50
service#com.amap.api.location.APSService
ADDED from src/main/AndroidManifest.xml:29:9-68
	android:name
		ADDED from src/main/AndroidManifest.xml:29:18-65
meta-data#PGYER_APPID
ADDED from src/main/AndroidManifest.xml:32:9-34:61
	android:value
		ADDED from src/main/AndroidManifest.xml:34:10-58
	android:name
		ADDED from src/main/AndroidManifest.xml:33:10-36
activity#com.tj.WelcomeActivity
ADDED from src/main/AndroidManifest.xml:36:9-44:20
	android:label
		ADDED from src/main/AndroidManifest.xml:38:13-45
	android:name
		ADDED from src/main/AndroidManifest.xml:37:13-50
intent-filter#android.intent.action.MAIN+android.intent.category.LAUNCHER
ADDED from src/main/AndroidManifest.xml:39:13-43:29
action#android.intent.action.MAIN
ADDED from src/main/AndroidManifest.xml:40:17-69
	android:name
		ADDED from src/main/AndroidManifest.xml:40:25-66
category#android.intent.category.LAUNCHER
ADDED from src/main/AndroidManifest.xml:42:17-77
	android:name
		ADDED from src/main/AndroidManifest.xml:42:27-74
activity#com.tj.MainActivity
ADDED from src/main/AndroidManifest.xml:46:9-49:52
	android:screenOrientation
		ADDED from src/main/AndroidManifest.xml:49:13-49
	android:launchMode
		ADDED from src/main/AndroidManifest.xml:48:13-44
	android:name
		ADDED from src/main/AndroidManifest.xml:47:13-47
activity#com.tj.LoginActivity
ADDED from src/main/AndroidManifest.xml:51:9-54:52
	android:screenOrientation
		ADDED from src/main/AndroidManifest.xml:54:13-49
	android:launchMode
		ADDED from src/main/AndroidManifest.xml:53:13-44
	android:name
		ADDED from src/main/AndroidManifest.xml:52:13-48
activity#com.tj.SettingActivity
ADDED from src/main/AndroidManifest.xml:56:9-59:52
	android:screenOrientation
		ADDED from src/main/AndroidManifest.xml:59:13-49
	android:launchMode
		ADDED from src/main/AndroidManifest.xml:58:13-44
	android:name
		ADDED from src/main/AndroidManifest.xml:57:13-50
activity#com.tj.CityActivity
ADDED from src/main/AndroidManifest.xml:61:9-64:52
	android:screenOrientation
		ADDED from src/main/AndroidManifest.xml:64:13-49
	android:launchMode
		ADDED from src/main/AndroidManifest.xml:63:13-44
	android:name
		ADDED from src/main/AndroidManifest.xml:62:13-47
activity#com.tj.WeatherDetailActivity
ADDED from src/main/AndroidManifest.xml:66:9-69:52
	android:screenOrientation
		ADDED from src/main/AndroidManifest.xml:69:13-49
	android:launchMode
		ADDED from src/main/AndroidManifest.xml:68:13-44
	android:name
		ADDED from src/main/AndroidManifest.xml:67:13-56
activity#com.tj.QuickPaperActivity
ADDED from src/main/AndroidManifest.xml:71:9-74:52
	android:screenOrientation
		ADDED from src/main/AndroidManifest.xml:74:13-49
	android:launchMode
		ADDED from src/main/AndroidManifest.xml:73:13-44
	android:name
		ADDED from src/main/AndroidManifest.xml:72:13-53
activity#com.tj.UniqueActivity
ADDED from src/main/AndroidManifest.xml:76:9-79:52
	android:screenOrientation
		ADDED from src/main/AndroidManifest.xml:79:13-49
	android:launchMode
		ADDED from src/main/AndroidManifest.xml:78:13-44
	android:name
		ADDED from src/main/AndroidManifest.xml:77:13-49
activity#com.tj.HeadWarningActivity
ADDED from src/main/AndroidManifest.xml:81:9-84:52
	android:screenOrientation
		ADDED from src/main/AndroidManifest.xml:84:13-49
	android:launchMode
		ADDED from src/main/AndroidManifest.xml:83:13-44
	android:name
		ADDED from src/main/AndroidManifest.xml:82:13-54
activity#com.tj.DistrictForecastActivity
ADDED from src/main/AndroidManifest.xml:86:9-89:52
	android:screenOrientation
		ADDED from src/main/AndroidManifest.xml:89:13-49
	android:launchMode
		ADDED from src/main/AndroidManifest.xml:88:13-44
	android:name
		ADDED from src/main/AndroidManifest.xml:87:13-59
activity#com.tj.QuestionActivity
ADDED from src/main/AndroidManifest.xml:91:9-94:52
	android:screenOrientation
		ADDED from src/main/AndroidManifest.xml:94:13-49
	android:launchMode
		ADDED from src/main/AndroidManifest.xml:93:13-44
	android:name
		ADDED from src/main/AndroidManifest.xml:92:13-51
activity#com.tj.FactCheckActivity
ADDED from src/main/AndroidManifest.xml:96:9-99:52
	android:screenOrientation
		ADDED from src/main/AndroidManifest.xml:99:13-49
	android:launchMode
		ADDED from src/main/AndroidManifest.xml:98:13-44
	android:name
		ADDED from src/main/AndroidManifest.xml:97:13-52
activity#com.tj.FactCheckDetailActivity
ADDED from src/main/AndroidManifest.xml:101:9-104:52
	android:screenOrientation
		ADDED from src/main/AndroidManifest.xml:104:13-49
	android:launchMode
		ADDED from src/main/AndroidManifest.xml:103:13-44
	android:name
		ADDED from src/main/AndroidManifest.xml:102:13-58
activity#com.tj.ServiceActivity
ADDED from src/main/AndroidManifest.xml:106:9-109:52
	android:screenOrientation
		ADDED from src/main/AndroidManifest.xml:109:13-49
	android:launchMode
		ADDED from src/main/AndroidManifest.xml:108:13-44
	android:name
		ADDED from src/main/AndroidManifest.xml:107:13-50
activity#com.tj.WaitWindActivity
ADDED from src/main/AndroidManifest.xml:111:9-114:52
	android:screenOrientation
		ADDED from src/main/AndroidManifest.xml:114:13-49
	android:launchMode
		ADDED from src/main/AndroidManifest.xml:113:13-44
	android:name
		ADDED from src/main/AndroidManifest.xml:112:13-51
activity#com.baselibrary.news.NewsActivity
ADDED from src/main/AndroidManifest.xml:120:10-123:52
	android:screenOrientation
		ADDED from src/main/AndroidManifest.xml:123:13-49
	android:launchMode
		ADDED from src/main/AndroidManifest.xml:122:13-44
	android:name
		ADDED from src/main/AndroidManifest.xml:121:13-61
activity#com.baselibrary.routeweather.RouteWeatherActivity
ADDED from src/main/AndroidManifest.xml:126:10-129:52
	android:screenOrientation
		ADDED from src/main/AndroidManifest.xml:129:13-49
	android:launchMode
		ADDED from src/main/AndroidManifest.xml:128:13-44
	android:name
		ADDED from src/main/AndroidManifest.xml:127:13-77
activity#com.baselibrary.routeweather.RouteSearchActivity
ADDED from src/main/AndroidManifest.xml:131:9-133:52
	android:screenOrientation
		ADDED from src/main/AndroidManifest.xml:133:13-49
	android:name
		ADDED from src/main/AndroidManifest.xml:132:13-76
activity#com.baselibrary.radar.RadarActivity
ADDED from src/main/AndroidManifest.xml:136:10-139:49
	android:screenOrientation
		ADDED from src/main/AndroidManifest.xml:139:10-46
	android:launchMode
		ADDED from src/main/AndroidManifest.xml:138:10-41
	android:name
		ADDED from src/main/AndroidManifest.xml:137:10-60
activity#com.baselibrary.cloud.CloudActivity
ADDED from src/main/AndroidManifest.xml:142:10-145:49
	android:screenOrientation
		ADDED from src/main/AndroidManifest.xml:145:10-46
	android:launchMode
		ADDED from src/main/AndroidManifest.xml:144:10-41
	android:name
		ADDED from src/main/AndroidManifest.xml:143:10-60
activity#com.baselibrary.feedback.FeedbackActivity
ADDED from src/main/AndroidManifest.xml:148:10-151:49
	android:screenOrientation
		ADDED from src/main/AndroidManifest.xml:151:10-46
	android:launchMode
		ADDED from src/main/AndroidManifest.xml:150:10-41
	android:name
		ADDED from src/main/AndroidManifest.xml:149:10-66
activity#com.baselibrary.typhoon.TyphoonRouteActivity
ADDED from src/main/AndroidManifest.xml:154:10-157:49
	android:screenOrientation
		ADDED from src/main/AndroidManifest.xml:157:10-46
	android:launchMode
		ADDED from src/main/AndroidManifest.xml:156:10-41
	android:name
		ADDED from src/main/AndroidManifest.xml:155:10-69
activity#com.baselibrary.minute.MinuteFallActivity
ADDED from src/main/AndroidManifest.xml:160:10-163:49
	android:screenOrientation
		ADDED from src/main/AndroidManifest.xml:163:10-46
	android:launchMode
		ADDED from src/main/AndroidManifest.xml:162:10-41
	android:name
		ADDED from src/main/AndroidManifest.xml:161:10-66
activity#com.baselibrary.video.FactWeatherActivity
ADDED from src/main/AndroidManifest.xml:166:10-169:49
	android:screenOrientation
		ADDED from src/main/AndroidManifest.xml:169:10-46
	android:launchMode
		ADDED from src/main/AndroidManifest.xml:168:10-41
	android:name
		ADDED from src/main/AndroidManifest.xml:167:10-66
activity#com.baselibrary.video.FactWeatherDetailActivity
ADDED from src/main/AndroidManifest.xml:170:10-173:49
	android:screenOrientation
		ADDED from src/main/AndroidManifest.xml:173:10-46
	android:launchMode
		ADDED from src/main/AndroidManifest.xml:172:10-41
	android:name
		ADDED from src/main/AndroidManifest.xml:171:10-72
activity#com.baselibrary.report.ReportWeatherActivity
ADDED from src/main/AndroidManifest.xml:176:10-179:49
	android:screenOrientation
		ADDED from src/main/AndroidManifest.xml:179:10-46
	android:launchMode
		ADDED from src/main/AndroidManifest.xml:178:10-41
	android:name
		ADDED from src/main/AndroidManifest.xml:177:10-69
activity#com.baselibrary.index.IndexActivity
ADDED from src/main/AndroidManifest.xml:182:10-185:52
	android:screenOrientation
		ADDED from src/main/AndroidManifest.xml:185:13-49
	android:launchMode
		ADDED from src/main/AndroidManifest.xml:184:13-44
	android:name
		ADDED from src/main/AndroidManifest.xml:183:13-63
activity#com.baselibrary.city.CityActivity
ADDED from src/main/AndroidManifest.xml:188:10-191:52
	android:screenOrientation
		ADDED from src/main/AndroidManifest.xml:191:13-49
	android:launchMode
		ADDED from src/main/AndroidManifest.xml:190:13-44
	android:name
		ADDED from src/main/AndroidManifest.xml:189:13-61
activity#com.baselibrary.weather.WeatherDetailActivity
ADDED from src/main/AndroidManifest.xml:194:10-197:52
	android:screenOrientation
		ADDED from src/main/AndroidManifest.xml:197:13-49
	android:launchMode
		ADDED from src/main/AndroidManifest.xml:196:13-44
	android:name
		ADDED from src/main/AndroidManifest.xml:195:13-73
activity#com.baselibrary.warning.WarningDetailActivity
ADDED from src/main/AndroidManifest.xml:200:10-203:52
	android:screenOrientation
		ADDED from src/main/AndroidManifest.xml:203:13-49
	android:launchMode
		ADDED from src/main/AndroidManifest.xml:202:13-44
	android:name
		ADDED from src/main/AndroidManifest.xml:201:13-73
activity#com.baselibrary.smartwebview.WebViewActivity
ADDED from src/main/AndroidManifest.xml:206:10-209:52
	android:screenOrientation
		ADDED from src/main/AndroidManifest.xml:209:13-49
	android:launchMode
		ADDED from src/main/AndroidManifest.xml:208:13-44
	android:name
		ADDED from src/main/AndroidManifest.xml:207:13-72
activity#com.baselibrary.trend.TrendDetailActivity
ADDED from src/main/AndroidManifest.xml:212:10-215:52
	android:screenOrientation
		ADDED from src/main/AndroidManifest.xml:215:13-49
	android:launchMode
		ADDED from src/main/AndroidManifest.xml:214:13-44
	android:name
		ADDED from src/main/AndroidManifest.xml:213:13-69
activity#com.baselibrary.smartwebview.PDFActivity
ADDED from src/main/AndroidManifest.xml:218:10-221:52
	android:screenOrientation
		ADDED from src/main/AndroidManifest.xml:221:13-49
	android:launchMode
		ADDED from src/main/AndroidManifest.xml:220:13-44
	android:name
		ADDED from src/main/AndroidManifest.xml:219:13-68
uses-sdk
INJECTED from src/main/AndroidManifest.xml reason: use-sdk injection requested
INJECTED from src/main/AndroidManifest.xml
INJECTED from src/main/AndroidManifest.xml
MERGED from [:Indicatorlibrary] AndroidManifest.xml:7:5-9:41
MERGED from [:Indicatorlibrary] AndroidManifest.xml:7:5-9:41
MERGED from [:Library] AndroidManifest.xml:5:5-7:41
MERGED from [:Library] AndroidManifest.xml:5:5-7:41
MERGED from [com.android.support:appcompat-v7:25.1.1] AndroidManifest.xml:21:5-23:78
MERGED from [com.android.support:appcompat-v7:25.1.1] AndroidManifest.xml:21:5-23:78
MERGED from [com.android.support:animated-vector-drawable:25.1.1] AndroidManifest.xml:20:5-44
MERGED from [com.android.support:animated-vector-drawable:25.1.1] AndroidManifest.xml:20:5-44
MERGED from [com.android.support:support-vector-drawable:25.1.1] AndroidManifest.xml:21:5-43
MERGED from [com.android.support:support-vector-drawable:25.1.1] AndroidManifest.xml:21:5-43
MERGED from [com.android.support:support-v4:25.1.1] AndroidManifest.xml:21:5-23:54
MERGED from [com.android.support:support-v4:25.1.1] AndroidManifest.xml:21:5-23:54
MERGED from [com.android.support:support-fragment:25.1.1] AndroidManifest.xml:21:5-23:60
MERGED from [com.android.support:support-fragment:25.1.1] AndroidManifest.xml:21:5-23:60
MERGED from [com.android.support:support-media-compat:25.1.1] AndroidManifest.xml:21:5-23:63
MERGED from [com.android.support:support-media-compat:25.1.1] AndroidManifest.xml:21:5-23:63
MERGED from [com.android.support:support-core-utils:25.1.1] AndroidManifest.xml:21:5-23:61
MERGED from [com.android.support:support-core-utils:25.1.1] AndroidManifest.xml:21:5-23:61
MERGED from [com.android.support:support-core-ui:25.1.1] AndroidManifest.xml:21:5-23:58
MERGED from [com.android.support:support-core-ui:25.1.1] AndroidManifest.xml:21:5-23:58
MERGED from [com.android.support:support-compat:25.1.1] AndroidManifest.xml:21:5-23:58
MERGED from [com.android.support:support-compat:25.1.1] AndroidManifest.xml:21:5-23:58
INJECTED from src/main/AndroidManifest.xml
INJECTED from src/main/AndroidManifest.xml
	tools:overrideLibrary
		ADDED from [com.android.support:appcompat-v7:25.1.1] AndroidManifest.xml:23:9-75
	android:targetSdkVersion
		INJECTED from src/main/AndroidManifest.xml
		ADDED from src/main/AndroidManifest.xml
		INJECTED from src/main/AndroidManifest.xml
	android:minSdkVersion
		INJECTED from src/main/AndroidManifest.xml
		ADDED from src/main/AndroidManifest.xml
		INJECTED from src/main/AndroidManifest.xml